2025-05-25 08:47:32,295 [Worker-8: Loading available Gradle versions] INFO  o.e.b.c.i.u.g.PublishedGradleVersions - Gradle version information cache is up-to-date. Trying to read.
2025-05-25 08:47:59,653 [Worker-0: Importing Maven projects] INFO  o.e.m.c.i.l.LifecycleMappingFactory - Using org.eclipse.m2e.jdt.JarLifecycleMapping lifecycle mapping for MavenProject: com.edu.hutech:major:0.0.1-SNAPSHOT @ C:\Users\fptsh\Desktop\SpringWeb-master\SpringWeb-master\pom.xml.
2025-05-25 08:48:13,107 [Worker-0: Importing Maven projects] INFO  o.e.m.j.i.AbstractJavaProjectConfigurator - Adding source folder /SpringWeb-master/src/main/java
2025-05-25 08:48:13,107 [Worker-0: Importing Maven projects] INFO  o.e.m.j.i.AbstractJavaProjectConfigurator - Adding resource folder /SpringWeb-master/src/main/resources
2025-05-25 08:48:13,109 [Worker-0: Importing Maven projects] INFO  o.e.m.j.i.AbstractJavaProjectConfigurator - Adding resource folder /SpringWeb-master/src/main/resources
2025-05-25 08:48:13,110 [Worker-0: Importing Maven projects] INFO  o.e.m.j.i.AbstractJavaProjectConfigurator - Adding source folder /SpringWeb-master/src/test/java
2025-05-25 08:48:13,111 [Worker-0: Importing Maven projects] INFO  o.e.m.j.i.AbstractJavaProjectConfigurator - Adding resource folder /SpringWeb-master/src/test/resources
2025-05-25 08:48:13,371 [Worker-0: Importing Maven projects] INFO  o.e.m.c.i.p.ProjectConfigurationManager - Imported and configured 1 project(s) in 20 sec
2025-05-25 08:48:13,808 [Worker-5: Updating Maven Project] INFO  o.e.m.c.i.p.ProjectConfigurationManager - Update started
2025-05-25 08:48:14,269 [Worker-5: Updating Maven Project] INFO  o.e.m.c.i.l.LifecycleMappingFactory - Using org.eclipse.m2e.jdt.JarLifecycleMapping lifecycle mapping for MavenProject: com.edu.hutech:major:0.0.1-SNAPSHOT @ C:\Users\fptsh\Desktop\SpringWeb-master\SpringWeb-master\pom.xml.
2025-05-25 08:48:15,077 [Worker-5: Updating Maven Project] INFO  o.e.m.j.i.AbstractJavaProjectConfigurator - Adding source folder /SpringWeb-master/src/main/java
2025-05-25 08:48:15,077 [Worker-5: Updating Maven Project] INFO  o.e.m.j.i.AbstractJavaProjectConfigurator - Adding resource folder /SpringWeb-master/src/main/resources
2025-05-25 08:48:15,077 [Worker-5: Updating Maven Project] INFO  o.e.m.j.i.AbstractJavaProjectConfigurator - Adding resource folder /SpringWeb-master/src/main/resources
2025-05-25 08:48:15,078 [Worker-5: Updating Maven Project] INFO  o.e.m.j.i.AbstractJavaProjectConfigurator - Adding source folder /SpringWeb-master/src/test/java
2025-05-25 08:48:15,078 [Worker-5: Updating Maven Project] INFO  o.e.m.j.i.AbstractJavaProjectConfigurator - Adding resource folder /SpringWeb-master/src/test/resources
2025-05-25 08:48:15,864 [Worker-5: Updating Maven Project] INFO  o.e.m.c.i.p.ProjectConfigurationManager - Update completed for 1 poms: local refresh takes 0.00 sec, refresh facades takes 1.00 sec, update config takes 0.00 sec 
2025-05-25 08:48:17,468 [Worker-8: Building] INFO  o.e.m.c.i.embedder.EclipseLogger - Using 'UTF-8' encoding to copy filtered resources.
2025-05-25 08:48:17,468 [Worker-8: Building] INFO  o.e.m.c.i.embedder.EclipseLogger - Using 'UTF-8' encoding to copy filtered properties files.
2025-05-25 08:48:17,478 [Worker-8: Building] INFO  o.e.m.c.i.embedder.EclipseLogger - Copying 1 resource
2025-05-25 08:48:17,525 [Worker-8: Building] INFO  o.e.m.c.i.embedder.EclipseLogger - Copying 35 resources
2025-05-25 08:48:18,433 [Worker-8: Building] INFO  o.e.m.c.i.embedder.EclipseLogger - Using 'UTF-8' encoding to copy filtered resources.
2025-05-25 08:48:18,434 [Worker-8: Building] INFO  o.e.m.c.i.embedder.EclipseLogger - Using 'UTF-8' encoding to copy filtered properties files.
2025-05-25 08:48:18,434 [Worker-8: Building] INFO  o.e.m.c.i.embedder.EclipseLogger - skip non existing resourceDirectory C:\Users\fptsh\Desktop\SpringWeb-master\SpringWeb-master\src\test\resources
2025-05-25 09:06:18,442 [Worker-23: Updating Maven Project] INFO  o.e.m.c.i.p.ProjectConfigurationManager - Update started
2025-05-25 09:06:18,674 [Worker-23: Updating Maven Project] INFO  o.e.m.c.i.l.LifecycleMappingFactory - Using org.eclipse.m2e.jdt.JarLifecycleMapping lifecycle mapping for MavenProject: com.edu.hutech:major:0.0.1-SNAPSHOT @ C:\Users\fptsh\Desktop\SpringWeb-master\SpringWeb-master\pom.xml.
2025-05-25 09:06:19,171 [Worker-23: Updating Maven Project] INFO  o.e.m.j.i.AbstractJavaProjectConfigurator - Adding source folder /SpringWeb-master/src/main/java
2025-05-25 09:06:19,171 [Worker-23: Updating Maven Project] INFO  o.e.m.j.i.AbstractJavaProjectConfigurator - Adding resource folder /SpringWeb-master/src/main/resources
2025-05-25 09:06:19,171 [Worker-23: Updating Maven Project] INFO  o.e.m.j.i.AbstractJavaProjectConfigurator - Adding resource folder /SpringWeb-master/src/main/resources
2025-05-25 09:06:19,172 [Worker-23: Updating Maven Project] INFO  o.e.m.j.i.AbstractJavaProjectConfigurator - Adding source folder /SpringWeb-master/src/test/java
2025-05-25 09:06:19,172 [Worker-23: Updating Maven Project] INFO  o.e.m.j.i.AbstractJavaProjectConfigurator - Adding resource folder /SpringWeb-master/src/test/resources
2025-05-25 09:06:19,519 [Worker-23: Updating Maven Project] INFO  o.e.m.c.i.p.ProjectConfigurationManager - Update completed for 1 poms: local refresh takes 0.00 sec, refresh facades takes 0.00 sec, update config takes 0.00 sec 
2025-05-25 09:06:20,545 [Worker-23: Building] INFO  o.e.m.c.i.embedder.EclipseLogger - Using 'UTF-8' encoding to copy filtered resources.
2025-05-25 09:06:20,545 [Worker-23: Building] INFO  o.e.m.c.i.embedder.EclipseLogger - Using 'UTF-8' encoding to copy filtered properties files.
2025-05-25 09:06:20,547 [Worker-23: Building] INFO  o.e.m.c.i.embedder.EclipseLogger - Copying 1 resource
2025-05-25 09:06:20,567 [Worker-23: Building] INFO  o.e.m.c.i.embedder.EclipseLogger - Copying 35 resources
2025-05-25 09:06:20,707 [Worker-23: Building] INFO  o.e.m.c.i.embedder.EclipseLogger - Using 'UTF-8' encoding to copy filtered resources.
2025-05-25 09:06:20,707 [Worker-23: Building] INFO  o.e.m.c.i.embedder.EclipseLogger - Using 'UTF-8' encoding to copy filtered properties files.
2025-05-25 09:06:20,707 [Worker-23: Building] INFO  o.e.m.c.i.embedder.EclipseLogger - skip non existing resourceDirectory C:\Users\fptsh\Desktop\SpringWeb-master\SpringWeb-master\src\test\resources
2025-05-25 09:08:42,994 [Worker-26: Building] INFO  o.e.m.c.i.embedder.EclipseLogger - Using 'UTF-8' encoding to copy filtered resources.
2025-05-25 09:08:42,994 [Worker-26: Building] INFO  o.e.m.c.i.embedder.EclipseLogger - Using 'UTF-8' encoding to copy filtered properties files.
2025-05-25 09:08:42,998 [Worker-26: Building] INFO  o.e.m.c.i.embedder.EclipseLogger - Copying 1 resource
2025-05-25 09:08:43,006 [Worker-26: Building] INFO  o.e.m.c.i.embedder.EclipseLogger - Copying 35 resources
2025-05-25 09:08:43,015 [Worker-26: Building] INFO  o.e.m.c.i.embedder.EclipseLogger - Using 'UTF-8' encoding to copy filtered resources.
2025-05-25 09:08:43,015 [Worker-26: Building] INFO  o.e.m.c.i.embedder.EclipseLogger - Using 'UTF-8' encoding to copy filtered properties files.
2025-05-25 09:08:43,015 [Worker-26: Building] INFO  o.e.m.c.i.embedder.EclipseLogger - skip non existing resourceDirectory C:\Users\fptsh\Desktop\SpringWeb-master\SpringWeb-master\src\test\resources
2025-05-25 09:09:23,304 [Worker-29: Building] INFO  o.e.m.c.i.embedder.EclipseLogger - Using 'UTF-8' encoding to copy filtered resources.
2025-05-25 09:09:23,304 [Worker-29: Building] INFO  o.e.m.c.i.embedder.EclipseLogger - Using 'UTF-8' encoding to copy filtered properties files.
2025-05-25 09:09:23,307 [Worker-29: Building] INFO  o.e.m.c.i.embedder.EclipseLogger - Copying 1 resource
2025-05-25 09:09:23,315 [Worker-29: Building] INFO  o.e.m.c.i.embedder.EclipseLogger - Copying 35 resources
2025-05-25 09:09:23,324 [Worker-29: Building] INFO  o.e.m.c.i.embedder.EclipseLogger - Using 'UTF-8' encoding to copy filtered resources.
2025-05-25 09:09:23,324 [Worker-29: Building] INFO  o.e.m.c.i.embedder.EclipseLogger - Using 'UTF-8' encoding to copy filtered properties files.
2025-05-25 09:09:23,324 [Worker-29: Building] INFO  o.e.m.c.i.embedder.EclipseLogger - skip non existing resourceDirectory C:\Users\fptsh\Desktop\SpringWeb-master\SpringWeb-master\src\test\resources
2025-05-25 09:09:59,656 [Worker-29: Building] INFO  o.e.m.c.i.embedder.EclipseLogger - Using 'UTF-8' encoding to copy filtered resources.
2025-05-25 09:09:59,656 [Worker-29: Building] INFO  o.e.m.c.i.embedder.EclipseLogger - Using 'UTF-8' encoding to copy filtered properties files.
2025-05-25 09:09:59,659 [Worker-29: Building] INFO  o.e.m.c.i.embedder.EclipseLogger - Copying 1 resource
2025-05-25 09:09:59,668 [Worker-29: Building] INFO  o.e.m.c.i.embedder.EclipseLogger - Copying 35 resources
2025-05-25 09:09:59,677 [Worker-29: Building] INFO  o.e.m.c.i.embedder.EclipseLogger - Using 'UTF-8' encoding to copy filtered resources.
2025-05-25 09:09:59,677 [Worker-29: Building] INFO  o.e.m.c.i.embedder.EclipseLogger - Using 'UTF-8' encoding to copy filtered properties files.
2025-05-25 09:09:59,677 [Worker-29: Building] INFO  o.e.m.c.i.embedder.EclipseLogger - skip non existing resourceDirectory C:\Users\fptsh\Desktop\SpringWeb-master\SpringWeb-master\src\test\resources
2025-05-25 09:10:13,338 [Worker-27: Building] INFO  o.e.m.c.i.embedder.EclipseLogger - Using 'UTF-8' encoding to copy filtered resources.
2025-05-25 09:10:13,338 [Worker-27: Building] INFO  o.e.m.c.i.embedder.EclipseLogger - Using 'UTF-8' encoding to copy filtered properties files.
2025-05-25 09:10:13,341 [Worker-27: Building] INFO  o.e.m.c.i.embedder.EclipseLogger - Copying 1 resource
2025-05-25 09:10:13,350 [Worker-27: Building] INFO  o.e.m.c.i.embedder.EclipseLogger - Copying 35 resources
2025-05-25 09:10:13,363 [Worker-27: Building] INFO  o.e.m.c.i.embedder.EclipseLogger - Using 'UTF-8' encoding to copy filtered resources.
2025-05-25 09:10:13,364 [Worker-27: Building] INFO  o.e.m.c.i.embedder.EclipseLogger - Using 'UTF-8' encoding to copy filtered properties files.
2025-05-25 09:10:13,364 [Worker-27: Building] INFO  o.e.m.c.i.embedder.EclipseLogger - skip non existing resourceDirectory C:\Users\fptsh\Desktop\SpringWeb-master\SpringWeb-master\src\test\resources
2025-05-25 09:10:31,144 [Worker-26: Building] INFO  o.e.m.c.i.embedder.EclipseLogger - Using 'UTF-8' encoding to copy filtered resources.
2025-05-25 09:10:31,145 [Worker-26: Building] INFO  o.e.m.c.i.embedder.EclipseLogger - Using 'UTF-8' encoding to copy filtered properties files.
2025-05-25 09:10:31,149 [Worker-26: Building] INFO  o.e.m.c.i.embedder.EclipseLogger - Copying 1 resource
2025-05-25 09:10:31,154 [Worker-26: Building] INFO  o.e.m.c.i.embedder.EclipseLogger - Copying 35 resources
2025-05-25 09:10:31,163 [Worker-26: Building] INFO  o.e.m.c.i.embedder.EclipseLogger - Using 'UTF-8' encoding to copy filtered resources.
2025-05-25 09:10:31,163 [Worker-26: Building] INFO  o.e.m.c.i.embedder.EclipseLogger - Using 'UTF-8' encoding to copy filtered properties files.
2025-05-25 09:10:31,163 [Worker-26: Building] INFO  o.e.m.c.i.embedder.EclipseLogger - skip non existing resourceDirectory C:\Users\fptsh\Desktop\SpringWeb-master\SpringWeb-master\src\test\resources
2025-05-25 09:10:54,124 [Worker-28: Building] INFO  o.e.m.c.i.embedder.EclipseLogger - Using 'UTF-8' encoding to copy filtered resources.
2025-05-25 09:10:54,125 [Worker-28: Building] INFO  o.e.m.c.i.embedder.EclipseLogger - Using 'UTF-8' encoding to copy filtered properties files.
2025-05-25 09:10:54,128 [Worker-28: Building] INFO  o.e.m.c.i.embedder.EclipseLogger - Copying 1 resource
2025-05-25 09:10:54,147 [Worker-28: Building] INFO  o.e.m.c.i.embedder.EclipseLogger - Copying 35 resources
2025-05-25 09:10:54,159 [Worker-28: Building] INFO  o.e.m.c.i.embedder.EclipseLogger - Using 'UTF-8' encoding to copy filtered resources.
2025-05-25 09:10:54,159 [Worker-28: Building] INFO  o.e.m.c.i.embedder.EclipseLogger - Using 'UTF-8' encoding to copy filtered properties files.
2025-05-25 09:10:54,159 [Worker-28: Building] INFO  o.e.m.c.i.embedder.EclipseLogger - skip non existing resourceDirectory C:\Users\fptsh\Desktop\SpringWeb-master\SpringWeb-master\src\test\resources
2025-05-25 09:14:08,342 [Worker-34: Launching Executing install in C__Users_fptsh_Desktop_SpringWeb-master_SpringWeb-master] INFO  o.eclipse.m2e.core.internal.Bundles - getClasspathEntries(Bundle=org.eclipse.m2e.maven.runtime_3.9.400.20230826-0755 [621])
2025-05-25 09:14:08,343 [Worker-34: Launching Executing install in C__Users_fptsh_Desktop_SpringWeb-master_SpringWeb-master] INFO  o.eclipse.m2e.core.internal.Bundles - 	Entry: C:\Users\fptsh\.p2\pool\plugins\org.eclipse.m2e.maven.runtime_3.9.400.20230826-0755
2025-05-25 09:14:08,344 [Worker-34: Launching Executing install in C__Users_fptsh_Desktop_SpringWeb-master_SpringWeb-master] INFO  o.eclipse.m2e.core.internal.Bundles - 	Entry: C:\Users\fptsh\.p2\pool\plugins\org.eclipse.m2e.maven.runtime_3.9.400.20230826-0755\jars\aether-connector-okhttp-0.17.8.jar
2025-05-25 09:14:08,344 [Worker-34: Launching Executing install in C__Users_fptsh_Desktop_SpringWeb-master_SpringWeb-master] INFO  o.eclipse.m2e.core.internal.Bundles - 	Entry: C:\Users\fptsh\.p2\pool\plugins\org.eclipse.m2e.maven.runtime_3.9.400.20230826-0755\jars\aopalliance-1.0.jar
2025-05-25 09:14:08,344 [Worker-34: Launching Executing install in C__Users_fptsh_Desktop_SpringWeb-master_SpringWeb-master] INFO  o.eclipse.m2e.core.internal.Bundles - 	Entry: C:\Users\fptsh\.p2\pool\plugins\org.eclipse.m2e.maven.runtime_3.9.400.20230826-0755\jars\commons-lang3-3.12.0.jar
2025-05-25 09:14:08,344 [Worker-34: Launching Executing install in C__Users_fptsh_Desktop_SpringWeb-master_SpringWeb-master] INFO  o.eclipse.m2e.core.internal.Bundles - 	Entry: C:\Users\fptsh\.p2\pool\plugins\org.eclipse.m2e.maven.runtime_3.9.400.20230826-0755\jars\guice-5.1.0.jar
2025-05-25 09:14:08,344 [Worker-34: Launching Executing install in C__Users_fptsh_Desktop_SpringWeb-master_SpringWeb-master] INFO  o.eclipse.m2e.core.internal.Bundles - 	Entry: C:\Users\fptsh\.p2\pool\plugins\org.eclipse.m2e.maven.runtime_3.9.400.20230826-0755\jars\jansi-2.4.0.jar
2025-05-25 09:14:08,344 [Worker-34: Launching Executing install in C__Users_fptsh_Desktop_SpringWeb-master_SpringWeb-master] INFO  o.eclipse.m2e.core.internal.Bundles - 	Entry: C:\Users\fptsh\.p2\pool\plugins\org.eclipse.m2e.maven.runtime_3.9.400.20230826-0755\jars\maven-artifact-3.9.4.jar
2025-05-25 09:14:08,344 [Worker-34: Launching Executing install in C__Users_fptsh_Desktop_SpringWeb-master_SpringWeb-master] INFO  o.eclipse.m2e.core.internal.Bundles - 	Entry: C:\Users\fptsh\.p2\pool\plugins\org.eclipse.m2e.maven.runtime_3.9.400.20230826-0755\jars\maven-builder-support-3.9.4.jar
2025-05-25 09:14:08,345 [Worker-34: Launching Executing install in C__Users_fptsh_Desktop_SpringWeb-master_SpringWeb-master] INFO  o.eclipse.m2e.core.internal.Bundles - 	Entry: C:\Users\fptsh\.p2\pool\plugins\org.eclipse.m2e.maven.runtime_3.9.400.20230826-0755\jars\maven-compat-3.9.4.jar
2025-05-25 09:14:08,345 [Worker-34: Launching Executing install in C__Users_fptsh_Desktop_SpringWeb-master_SpringWeb-master] INFO  o.eclipse.m2e.core.internal.Bundles - 	Entry: C:\Users\fptsh\.p2\pool\plugins\org.eclipse.m2e.maven.runtime_3.9.400.20230826-0755\jars\maven-core-3.9.4.jar
2025-05-25 09:14:08,345 [Worker-34: Launching Executing install in C__Users_fptsh_Desktop_SpringWeb-master_SpringWeb-master] INFO  o.eclipse.m2e.core.internal.Bundles - 	Entry: C:\Users\fptsh\.p2\pool\plugins\org.eclipse.m2e.maven.runtime_3.9.400.20230826-0755\jars\maven-embedder-3.9.4.jar
2025-05-25 09:14:08,345 [Worker-34: Launching Executing install in C__Users_fptsh_Desktop_SpringWeb-master_SpringWeb-master] INFO  o.eclipse.m2e.core.internal.Bundles - 	Entry: C:\Users\fptsh\.p2\pool\plugins\org.eclipse.m2e.maven.runtime_3.9.400.20230826-0755\jars\maven-model-3.9.4.jar
2025-05-25 09:14:08,345 [Worker-34: Launching Executing install in C__Users_fptsh_Desktop_SpringWeb-master_SpringWeb-master] INFO  o.eclipse.m2e.core.internal.Bundles - 	Entry: C:\Users\fptsh\.p2\pool\plugins\org.eclipse.m2e.maven.runtime_3.9.400.20230826-0755\jars\maven-model-builder-3.9.4.jar
2025-05-25 09:14:08,345 [Worker-34: Launching Executing install in C__Users_fptsh_Desktop_SpringWeb-master_SpringWeb-master] INFO  o.eclipse.m2e.core.internal.Bundles - 	Entry: C:\Users\fptsh\.p2\pool\plugins\org.eclipse.m2e.maven.runtime_3.9.400.20230826-0755\jars\maven-plugin-api-3.9.4.jar
2025-05-25 09:14:08,345 [Worker-34: Launching Executing install in C__Users_fptsh_Desktop_SpringWeb-master_SpringWeb-master] INFO  o.eclipse.m2e.core.internal.Bundles - 	Entry: C:\Users\fptsh\.p2\pool\plugins\org.eclipse.m2e.maven.runtime_3.9.400.20230826-0755\jars\maven-repository-metadata-3.9.4.jar
2025-05-25 09:14:08,346 [Worker-34: Launching Executing install in C__Users_fptsh_Desktop_SpringWeb-master_SpringWeb-master] INFO  o.eclipse.m2e.core.internal.Bundles - 	Entry: C:\Users\fptsh\.p2\pool\plugins\org.eclipse.m2e.maven.runtime_3.9.400.20230826-0755\jars\maven-resolver-api-1.9.14.jar
2025-05-25 09:14:08,346 [Worker-34: Launching Executing install in C__Users_fptsh_Desktop_SpringWeb-master_SpringWeb-master] INFO  o.eclipse.m2e.core.internal.Bundles - 	Entry: C:\Users\fptsh\.p2\pool\plugins\org.eclipse.m2e.maven.runtime_3.9.400.20230826-0755\jars\maven-resolver-connector-basic-1.9.14.jar
2025-05-25 09:14:08,346 [Worker-34: Launching Executing install in C__Users_fptsh_Desktop_SpringWeb-master_SpringWeb-master] INFO  o.eclipse.m2e.core.internal.Bundles - 	Entry: C:\Users\fptsh\.p2\pool\plugins\org.eclipse.m2e.maven.runtime_3.9.400.20230826-0755\jars\maven-resolver-impl-1.9.14.jar
2025-05-25 09:14:08,346 [Worker-34: Launching Executing install in C__Users_fptsh_Desktop_SpringWeb-master_SpringWeb-master] INFO  o.eclipse.m2e.core.internal.Bundles - 	Entry: C:\Users\fptsh\.p2\pool\plugins\org.eclipse.m2e.maven.runtime_3.9.400.20230826-0755\jars\maven-resolver-named-locks-1.9.14.jar
2025-05-25 09:14:08,346 [Worker-34: Launching Executing install in C__Users_fptsh_Desktop_SpringWeb-master_SpringWeb-master] INFO  o.eclipse.m2e.core.internal.Bundles - 	Entry: C:\Users\fptsh\.p2\pool\plugins\org.eclipse.m2e.maven.runtime_3.9.400.20230826-0755\jars\maven-resolver-provider-3.9.4.jar
2025-05-25 09:14:08,346 [Worker-34: Launching Executing install in C__Users_fptsh_Desktop_SpringWeb-master_SpringWeb-master] INFO  o.eclipse.m2e.core.internal.Bundles - 	Entry: C:\Users\fptsh\.p2\pool\plugins\org.eclipse.m2e.maven.runtime_3.9.400.20230826-0755\jars\maven-resolver-spi-1.9.14.jar
2025-05-25 09:14:08,346 [Worker-34: Launching Executing install in C__Users_fptsh_Desktop_SpringWeb-master_SpringWeb-master] INFO  o.eclipse.m2e.core.internal.Bundles - 	Entry: C:\Users\fptsh\.p2\pool\plugins\org.eclipse.m2e.maven.runtime_3.9.400.20230826-0755\jars\maven-resolver-transport-wagon-1.9.14.jar
2025-05-25 09:14:08,346 [Worker-34: Launching Executing install in C__Users_fptsh_Desktop_SpringWeb-master_SpringWeb-master] INFO  o.eclipse.m2e.core.internal.Bundles - 	Entry: C:\Users\fptsh\.p2\pool\plugins\org.eclipse.m2e.maven.runtime_3.9.400.20230826-0755\jars\maven-resolver-util-1.9.14.jar
2025-05-25 09:14:08,347 [Worker-34: Launching Executing install in C__Users_fptsh_Desktop_SpringWeb-master_SpringWeb-master] INFO  o.eclipse.m2e.core.internal.Bundles - 	Entry: C:\Users\fptsh\.p2\pool\plugins\org.eclipse.m2e.maven.runtime_3.9.400.20230826-0755\jars\maven-settings-3.9.4.jar
2025-05-25 09:14:08,347 [Worker-34: Launching Executing install in C__Users_fptsh_Desktop_SpringWeb-master_SpringWeb-master] INFO  o.eclipse.m2e.core.internal.Bundles - 	Entry: C:\Users\fptsh\.p2\pool\plugins\org.eclipse.m2e.maven.runtime_3.9.400.20230826-0755\jars\maven-settings-builder-3.9.4.jar
2025-05-25 09:14:08,347 [Worker-34: Launching Executing install in C__Users_fptsh_Desktop_SpringWeb-master_SpringWeb-master] INFO  o.eclipse.m2e.core.internal.Bundles - 	Entry: C:\Users\fptsh\.p2\pool\plugins\org.eclipse.m2e.maven.runtime_3.9.400.20230826-0755\jars\maven-shared-utils-3.3.4.jar
2025-05-25 09:14:08,347 [Worker-34: Launching Executing install in C__Users_fptsh_Desktop_SpringWeb-master_SpringWeb-master] INFO  o.eclipse.m2e.core.internal.Bundles - 	Entry: C:\Users\fptsh\.p2\pool\plugins\org.eclipse.m2e.maven.runtime_3.9.400.20230826-0755\jars\okhttp-3.14.1.jar
2025-05-25 09:14:08,347 [Worker-34: Launching Executing install in C__Users_fptsh_Desktop_SpringWeb-master_SpringWeb-master] INFO  o.eclipse.m2e.core.internal.Bundles - 	Entry: C:\Users\fptsh\.p2\pool\plugins\org.eclipse.m2e.maven.runtime_3.9.400.20230826-0755\jars\okio-1.17.3.jar
2025-05-25 09:14:08,347 [Worker-34: Launching Executing install in C__Users_fptsh_Desktop_SpringWeb-master_SpringWeb-master] INFO  o.eclipse.m2e.core.internal.Bundles - 	Entry: C:\Users\fptsh\.p2\pool\plugins\org.eclipse.m2e.maven.runtime_3.9.400.20230826-0755\jars\org.eclipse.sisu.inject-0.3.5.jar
2025-05-25 09:14:08,347 [Worker-34: Launching Executing install in C__Users_fptsh_Desktop_SpringWeb-master_SpringWeb-master] INFO  o.eclipse.m2e.core.internal.Bundles - 	Entry: C:\Users\fptsh\.p2\pool\plugins\org.eclipse.m2e.maven.runtime_3.9.400.20230826-0755\jars\org.eclipse.sisu.plexus-0.3.5.jar
2025-05-25 09:14:08,347 [Worker-34: Launching Executing install in C__Users_fptsh_Desktop_SpringWeb-master_SpringWeb-master] INFO  o.eclipse.m2e.core.internal.Bundles - 	Entry: C:\Users\fptsh\.p2\pool\plugins\org.eclipse.m2e.maven.runtime_3.9.400.20230826-0755\jars\plexus-build-api-0.0.7.jar
2025-05-25 09:14:08,347 [Worker-34: Launching Executing install in C__Users_fptsh_Desktop_SpringWeb-master_SpringWeb-master] INFO  o.eclipse.m2e.core.internal.Bundles - 	Entry: C:\Users\fptsh\.p2\pool\plugins\org.eclipse.m2e.maven.runtime_3.9.400.20230826-0755\jars\plexus-cipher-2.0.jar
2025-05-25 09:14:08,347 [Worker-34: Launching Executing install in C__Users_fptsh_Desktop_SpringWeb-master_SpringWeb-master] INFO  o.eclipse.m2e.core.internal.Bundles - 	Entry: C:\Users\fptsh\.p2\pool\plugins\org.eclipse.m2e.maven.runtime_3.9.400.20230826-0755\jars\plexus-classworlds-2.7.0.jar
2025-05-25 09:14:08,348 [Worker-34: Launching Executing install in C__Users_fptsh_Desktop_SpringWeb-master_SpringWeb-master] INFO  o.eclipse.m2e.core.internal.Bundles - 	Entry: C:\Users\fptsh\.p2\pool\plugins\org.eclipse.m2e.maven.runtime_3.9.400.20230826-0755\jars\plexus-component-annotations-2.1.0.jar
2025-05-25 09:14:08,348 [Worker-34: Launching Executing install in C__Users_fptsh_Desktop_SpringWeb-master_SpringWeb-master] INFO  o.eclipse.m2e.core.internal.Bundles - 	Entry: C:\Users\fptsh\.p2\pool\plugins\org.eclipse.m2e.maven.runtime_3.9.400.20230826-0755\jars\plexus-interpolation-1.26.jar
2025-05-25 09:14:08,348 [Worker-34: Launching Executing install in C__Users_fptsh_Desktop_SpringWeb-master_SpringWeb-master] INFO  o.eclipse.m2e.core.internal.Bundles - 	Entry: C:\Users\fptsh\.p2\pool\plugins\org.eclipse.m2e.maven.runtime_3.9.400.20230826-0755\jars\plexus-sec-dispatcher-2.0.jar
2025-05-25 09:14:08,348 [Worker-34: Launching Executing install in C__Users_fptsh_Desktop_SpringWeb-master_SpringWeb-master] INFO  o.eclipse.m2e.core.internal.Bundles - 	Entry: C:\Users\fptsh\.p2\pool\plugins\org.eclipse.m2e.maven.runtime_3.9.400.20230826-0755\jars\plexus-utils-3.5.1.jar
2025-05-25 09:14:08,348 [Worker-34: Launching Executing install in C__Users_fptsh_Desktop_SpringWeb-master_SpringWeb-master] INFO  o.eclipse.m2e.core.internal.Bundles - 	Entry: C:\Users\fptsh\.p2\pool\plugins\org.eclipse.m2e.maven.runtime_3.9.400.20230826-0755\jars\wagon-file-3.5.3.jar
2025-05-25 09:14:08,348 [Worker-34: Launching Executing install in C__Users_fptsh_Desktop_SpringWeb-master_SpringWeb-master] INFO  o.eclipse.m2e.core.internal.Bundles - 	Entry: C:\Users\fptsh\.p2\pool\plugins\org.eclipse.m2e.maven.runtime_3.9.400.20230826-0755\jars\wagon-provider-api-3.5.3.jar
2025-05-25 09:14:08,349 [Worker-34: Launching Executing install in C__Users_fptsh_Desktop_SpringWeb-master_SpringWeb-master] INFO  o.eclipse.m2e.core.internal.Bundles - getClasspathEntries(Bundle=com.google.guava_32.1.3.jre [986])
2025-05-25 09:14:08,349 [Worker-34: Launching Executing install in C__Users_fptsh_Desktop_SpringWeb-master_SpringWeb-master] INFO  o.eclipse.m2e.core.internal.Bundles - 	Entry: C:\Users\fptsh\.p2\pool\plugins\com.google.guava_32.1.3.jre.jar
2025-05-25 09:14:08,349 [Worker-34: Launching Executing install in C__Users_fptsh_Desktop_SpringWeb-master_SpringWeb-master] INFO  o.eclipse.m2e.core.internal.Bundles - getClasspathEntries(Bundle=slf4j.api_2.0.9 [1121])
2025-05-25 09:14:08,350 [Worker-34: Launching Executing install in C__Users_fptsh_Desktop_SpringWeb-master_SpringWeb-master] INFO  o.eclipse.m2e.core.internal.Bundles - 	Entry: C:\Users\fptsh\.p2\pool\plugins\slf4j.api_2.0.9.jar
2025-05-25 09:14:08,350 [Worker-34: Launching Executing install in C__Users_fptsh_Desktop_SpringWeb-master_SpringWeb-master] INFO  o.eclipse.m2e.core.internal.Bundles - getClasspathEntries(Bundle=javax.inject_1.0.0.v20220405-0441 [38])
2025-05-25 09:14:08,351 [Worker-34: Launching Executing install in C__Users_fptsh_Desktop_SpringWeb-master_SpringWeb-master] INFO  o.eclipse.m2e.core.internal.Bundles - 	Entry: C:\Users\fptsh\.p2\pool\plugins\javax.inject_1.0.0.v20220405-0441.jar
2025-05-25 09:14:08,351 [Worker-34: Launching Executing install in C__Users_fptsh_Desktop_SpringWeb-master_SpringWeb-master] INFO  o.eclipse.m2e.core.internal.Bundles - getClasspathEntries(Bundle=javax.annotation_1.3.5.v20200909-1856 [36])
2025-05-25 09:14:08,351 [Worker-34: Launching Executing install in C__Users_fptsh_Desktop_SpringWeb-master_SpringWeb-master] INFO  o.eclipse.m2e.core.internal.Bundles - 	Entry: C:\Users\fptsh\.p2\pool\plugins\javax.annotation_1.3.5.v20200909-1856.jar
2025-05-25 09:14:08,351 [Worker-34: Launching Executing install in C__Users_fptsh_Desktop_SpringWeb-master_SpringWeb-master] INFO  o.eclipse.m2e.core.internal.Bundles - getClasspathEntries(Bundle=org.apache.commons.cli_1.6.0 [994])
2025-05-25 09:14:08,351 [Worker-34: Launching Executing install in C__Users_fptsh_Desktop_SpringWeb-master_SpringWeb-master] INFO  o.eclipse.m2e.core.internal.Bundles - 	Entry: C:\Users\fptsh\.p2\pool\plugins\org.apache.commons.cli_1.6.0.jar
2025-05-25 09:14:08,351 [Worker-34: Launching Executing install in C__Users_fptsh_Desktop_SpringWeb-master_SpringWeb-master] INFO  o.eclipse.m2e.core.internal.Bundles - getClasspathEntries(Bundle=com.google.guava.failureaccess_1.0.2 [987])
2025-05-25 09:14:08,352 [Worker-34: Launching Executing install in C__Users_fptsh_Desktop_SpringWeb-master_SpringWeb-master] INFO  o.eclipse.m2e.core.internal.Bundles - 	Entry: C:\Users\fptsh\.p2\pool\plugins\com.google.guava.failureaccess_1.0.2.jar
2025-05-25 09:14:08,356 [Worker-34: Launching Executing install in C__Users_fptsh_Desktop_SpringWeb-master_SpringWeb-master] INFO  o.e.m.i.launch.MavenLaunchDelegate - Run build in "C:\Users\fptsh\Desktop\SpringWeb-master\SpringWeb-master":
2025-05-25 09:14:08,359 [Worker-34: Launching Executing install in C__Users_fptsh_Desktop_SpringWeb-master_SpringWeb-master] INFO  o.e.m.i.launch.MavenLaunchDelegate -  mvn  -B -Dstyle.color=always install
2025-05-25 09:16:09,557 [Worker-28: Building] INFO  o.e.m.c.i.embedder.EclipseLogger - Using 'UTF-8' encoding to copy filtered resources.
2025-05-25 09:16:09,557 [Worker-28: Building] INFO  o.e.m.c.i.embedder.EclipseLogger - Using 'UTF-8' encoding to copy filtered properties files.
2025-05-25 09:16:09,560 [Worker-28: Building] INFO  o.e.m.c.i.embedder.EclipseLogger - Copying 1 resource
2025-05-25 09:16:09,570 [Worker-28: Building] INFO  o.e.m.c.i.embedder.EclipseLogger - Copying 0 resource
2025-05-25 09:16:09,574 [Worker-28: Building] INFO  o.e.m.c.i.embedder.EclipseLogger - Using 'UTF-8' encoding to copy filtered resources.
2025-05-25 09:16:09,574 [Worker-28: Building] INFO  o.e.m.c.i.embedder.EclipseLogger - Using 'UTF-8' encoding to copy filtered properties files.
2025-05-25 09:16:09,574 [Worker-28: Building] INFO  o.e.m.c.i.embedder.EclipseLogger - skip non existing resourceDirectory C:\Users\fptsh\Desktop\SpringWeb-master\SpringWeb-master\src\test\resources
2025-05-25 09:16:25,824 [Worker-4: Loading available Gradle versions] INFO  o.e.b.c.i.u.g.PublishedGradleVersions - Gradle version information cache is up-to-date. Trying to read.
2025-05-25 09:28:19,433 [Worker-4: Loading available Gradle versions] INFO  o.e.b.c.i.u.g.PublishedGradleVersions - Gradle version information cache is up-to-date. Trying to read.
2025-05-25 09:35:30,894 [Worker-5: Loading available Gradle versions] INFO  o.e.b.c.i.u.g.PublishedGradleVersions - Gradle version information cache is up-to-date. Trying to read.
